14:25:14.586 [main] INFO  api.test.UserTests - ********** Creating User *********
14:25:19.468 [main] INFO  api.test.UserTests - ********** User Created *********
14:25:19.496 [main] INFO  api.test.UserTests - ********** Reading User Info *********
14:25:23.396 [main] INFO  api.test.UserTests - ********** User info is Displayed *********
14:25:23.421 [main] INFO  api.test.UserTests - ********** Updating user *********
14:25:26.069 [main] INFO  api.test.UserTests - ********** User Updated *********
14:25:30.675 [main] INFO  api.test.UserTests - ********** Deleting User *********
14:25:34.866 [main] INFO  api.test.UserTests - ********** User Deleted *********
14:27:22.054 [main] INFO  api.test.UserTests - ********** Creating User *********
14:27:25.978 [main] INFO  api.test.UserTests - ********** User Created *********
14:27:25.998 [main] INFO  api.test.UserTests - ********** Reading User Info *********
14:27:30.713 [main] INFO  api.test.UserTests - ********** Updating user *********
14:27:32.934 [main] INFO  api.test.UserTests - ********** User Updated *********
14:27:35.806 [main] INFO  api.test.UserTests - ********** Deleting User *********
14:27:38.463 [main] INFO  api.test.UserTests - ********** User Deleted *********
14:27:53.831 [main] INFO  api.test.UserTests - ********** Creating User *********
14:28:05.102 [main] INFO  api.test.UserTests - ********** User Created *********
14:28:05.134 [main] INFO  api.test.UserTests - ********** Reading User Info *********
14:28:09.717 [main] INFO  api.test.UserTests - ********** Updating user *********
14:28:11.952 [main] INFO  api.test.UserTests - ********** User Updated *********
14:28:15.338 [main] INFO  api.test.UserTests - ********** Deleting User *********
14:28:19.628 [main] INFO  api.test.UserTests - ********** User Deleted *********
14:35:55.031 [main] DEBUG api.test.UserTests - debugging.......
14:35:55.054 [main] INFO  api.test.UserTests - ********** Creating User *********
14:36:00.116 [main] INFO  api.test.UserTests - ********** User Created *********
14:36:00.134 [main] INFO  api.test.UserTests - ********** Reading User Info *********
14:36:02.918 [main] INFO  api.test.UserTests - ********** Updating user *********
14:36:06.979 [main] INFO  api.test.UserTests - ********** User Updated *********
14:36:08.933 [main] INFO  api.test.UserTests - ********** Deleting User *********
14:36:10.871 [main] INFO  api.test.UserTests - ********** User Deleted *********
21:36:38.240 [main] INFO  api.test.UserTests2 - ********** Creating User *********
21:36:39.706 [main] INFO  api.test.UserTests2 - ********** Reading User Info *********
21:36:39.752 [main] INFO  api.test.UserTests2 - ********** Updating user *********
21:36:39.779 [main] INFO  api.test.UserTests2 - ********** Deleting User *********
21:37:47.082 [main] INFO  api.test.UserTests2 - ********** Creating User *********
21:37:52.325 [main] INFO  api.test.UserTests2 - ********** Reading User Info *********
21:37:54.462 [main] INFO  api.test.UserTests2 - ********** Updating user *********
21:37:55.657 [main] INFO  api.test.UserTests2 - ********** Deleting User *********
21:42:36.051 [main] INFO  api.test.UserTests2 - ********** Creating User *********
21:42:42.356 [main] INFO  api.test.UserTests2 - ********** Reading User Info *********
21:42:47.226 [main] INFO  api.test.UserTests2 - ********** Updating user *********
21:42:51.010 [main] INFO  api.test.UserTests2 - ********** Deleting User *********
21:43:42.698 [main] INFO  api.test.UserTests2 - ********** Creating User *********
21:43:50.190 [main] INFO  api.test.UserTests2 - ********** User Created *********
21:43:50.211 [main] INFO  api.test.UserTests2 - ********** Reading User Info *********
21:43:53.466 [main] INFO  api.test.UserTests2 - ********** User info is Displayed *********
21:43:53.483 [main] INFO  api.test.UserTests2 - ********** Updating user *********
21:43:57.700 [main] INFO  api.test.UserTests2 - ********** User Updated *********
21:44:01.621 [main] INFO  api.test.UserTests2 - ********** Deleting User *********
21:44:11.658 [main] INFO  api.test.UserTests2 - ********** User Deleted *********
21:44:24.120 [main] INFO  api.test.UserTests2 - ********** Creating User *********
21:44:29.722 [main] INFO  api.test.UserTests2 - ********** User Created *********
21:44:29.738 [main] INFO  api.test.UserTests2 - ********** Reading User Info *********
21:44:33.195 [main] INFO  api.test.UserTests2 - ********** User info is Displayed *********
21:44:33.208 [main] INFO  api.test.UserTests2 - ********** Updating user *********
21:44:36.061 [main] INFO  api.test.UserTests2 - ********** User Updated *********
21:44:37.716 [main] INFO  api.test.UserTests2 - ********** Deleting User *********
21:45:08.541 [main] INFO  api.test.UserTests2 - ********** Creating User *********
21:45:12.211 [main] INFO  api.test.UserTests2 - ********** User Created *********
21:45:12.239 [main] INFO  api.test.UserTests2 - ********** Reading User Info *********
21:45:13.695 [main] INFO  api.test.UserTests2 - ********** Creating User *********
21:45:15.046 [main] INFO  api.test.UserTests2 - ********** User info is Displayed *********
21:45:15.056 [main] INFO  api.test.UserTests2 - ********** Updating user *********
21:45:17.431 [main] INFO  api.test.UserTests2 - ********** User Updated *********
21:45:19.170 [main] INFO  api.test.UserTests2 - ********** User Created *********
21:45:19.183 [main] INFO  api.test.UserTests2 - ********** Reading User Info *********
21:45:21.643 [main] INFO  api.test.UserTests2 - ********** Deleting User *********
21:45:22.153 [main] INFO  api.test.UserTests2 - ********** Updating user *********
21:45:23.600 [main] INFO  api.test.UserTests2 - ********** User Updated *********
21:45:24.047 [main] INFO  api.test.UserTests2 - ********** User Deleted *********
21:45:26.548 [main] INFO  api.test.UserTests2 - ********** Deleting User *********
21:45:37.518 [main] INFO  api.test.UserTests2 - ********** Creating User *********
21:45:41.879 [main] INFO  api.test.UserTests2 - ********** User Created *********
21:45:41.893 [main] INFO  api.test.UserTests2 - ********** Reading User Info *********
21:45:44.691 [main] INFO  api.test.UserTests2 - ********** Updating user *********
21:45:46.641 [main] INFO  api.test.UserTests2 - ********** User Updated *********
21:45:50.105 [main] INFO  api.test.UserTests2 - ********** Deleting User *********
21:45:53.484 [main] INFO  api.test.UserTests2 - ********** User Deleted *********
21:46:42.964 [main] INFO  api.test.UserTests2 - ********** Creating User *********
21:47:01.035 [main] INFO  api.test.UserTests2 - ********** User Created *********
21:47:01.048 [main] INFO  api.test.UserTests2 - ********** Reading User Info *********
21:47:02.620 [main] INFO  api.test.UserTests2 - ********** Updating user *********
21:47:13.825 [main] INFO  api.test.UserTests2 - ********** User Updated *********
21:47:15.502 [main] INFO  api.test.UserTests2 - ********** Deleting User *********
21:47:18.056 [main] INFO  api.test.UserTests2 - ********** User Deleted *********
22:11:57.340 [main] INFO  api.test.UserTests - ********** Creating User *********
22:12:02.491 [main] INFO  api.test.UserTests - ********** User Created *********
22:12:02.503 [main] INFO  api.test.UserTests - ********** Reading User Info *********
22:12:07.177 [main] INFO  api.test.UserTests - ********** Updating user *********
22:12:09.064 [main] INFO  api.test.UserTests - ********** User Updated *********
22:12:11.895 [main] INFO  api.test.UserTests - ********** Deleting User *********
22:12:14.253 [main] INFO  api.test.UserTests - ********** User Deleted *********
22:22:36.388 [main] INFO  api.test.UserTests2 - ********** Creating User *********
22:22:42.221 [main] INFO  api.test.UserTests2 - ********** User Created *********
22:22:42.241 [main] INFO  api.test.UserTests2 - ********** Reading User Info *********
22:22:46.385 [main] INFO  api.test.UserTests2 - ********** Updating user *********
22:22:47.958 [main] INFO  api.test.UserTests2 - ********** User Updated *********
22:22:49.918 [main] INFO  api.test.UserTests2 - ********** Deleting User *********
22:22:51.640 [main] INFO  api.test.UserTests2 - ********** User Deleted *********
22:24:14.475 [main] INFO  api.test.UserTests2 - ********** Creating User *********
22:24:20.295 [main] INFO  api.test.UserTests2 - ********** User Created *********
22:24:20.320 [main] INFO  api.test.UserTests2 - ********** Reading User Info *********
22:24:24.434 [main] INFO  api.test.UserTests2 - ********** User info is Displayed *********
22:24:24.440 [main] INFO  api.test.UserTests2 - ********** Updating user *********
22:24:26.275 [main] INFO  api.test.UserTests2 - ********** User Updated *********
22:24:28.121 [main] INFO  api.test.UserTests2 - ********** Deleting User *********
22:24:30.843 [main] INFO  api.test.UserTests2 - ********** User Deleted *********
13:34:41.039 [main] INFO  api.test.UserTests2 - ********** Creating User *********
13:34:46.766 [main] INFO  api.test.UserTests2 - ********** User Created *********
13:34:46.791 [main] INFO  api.test.UserTests2 - ********** Reading User Info *********
13:35:01.621 [main] INFO  api.test.UserTests2 - ********** User info is Displayed *********
13:35:01.625 [main] INFO  api.test.UserTests2 - ********** Updating user *********
13:35:03.802 [main] INFO  api.test.UserTests2 - ********** User Updated *********
13:35:10.636 [main] INFO  api.test.UserTests2 - ********** Deleting User *********
13:35:12.955 [main] INFO  api.test.UserTests2 - ********** User Deleted *********
13:42:25.857 [main] INFO  api.test.UserTests2 - ********** Creating User *********
13:42:30.235 [main] INFO  api.test.UserTests2 - ********** User Created *********
13:42:30.257 [main] INFO  api.test.UserTests2 - ********** Reading User Info *********
13:42:32.241 [main] INFO  api.test.UserTests2 - ********** User info is Displayed *********
13:42:32.247 [main] INFO  api.test.UserTests2 - ********** Updating user *********
13:42:33.486 [main] INFO  api.test.UserTests2 - ********** User Updated *********
13:42:35.061 [main] INFO  api.test.UserTests2 - ********** Deleting User *********
13:42:36.658 [main] INFO  api.test.UserTests2 - ********** User Deleted *********
13:43:31.307 [main] INFO  api.test.UserTests2 - ********** Creating User *********
13:43:35.351 [main] INFO  api.test.UserTests2 - ********** User Created *********
13:43:35.374 [main] INFO  api.test.UserTests2 - ********** Reading User Info *********
13:43:37.384 [main] INFO  api.test.UserTests2 - ********** User info is Displayed *********
13:43:37.391 [main] INFO  api.test.UserTests2 - ********** Updating user *********
13:43:39.202 [main] INFO  api.test.UserTests2 - ********** User Updated *********
13:43:41.459 [main] INFO  api.test.UserTests2 - ********** Deleting User *********
13:49:13.244 [main] INFO  api.test.UserTests2 - ********** Creating User *********
13:49:23.189 [main] INFO  api.test.UserTests2 - ********** User Created *********
13:49:23.210 [main] INFO  api.test.UserTests2 - ********** Reading User Info *********
13:49:28.501 [main] INFO  api.test.UserTests2 - ********** Updating user *********
13:49:31.867 [main] INFO  api.test.UserTests2 - ********** User Updated *********
13:49:34.079 [main] INFO  api.test.UserTests2 - ********** Deleting User *********
13:49:35.758 [main] INFO  api.test.UserTests2 - ********** User Deleted *********
13:52:32.406 [main] INFO  api.test.UserTests2 - ********** Creating User *********
13:52:36.947 [main] INFO  api.test.UserTests2 - ********** User Created *********
13:52:36.968 [main] INFO  api.test.UserTests2 - ********** Reading User Info *********
13:52:39.264 [main] INFO  api.test.UserTests2 - ********** User info is Displayed *********
13:52:39.270 [main] INFO  api.test.UserTests2 - ********** Updating user *********
13:52:41.512 [main] INFO  api.test.UserTests2 - ********** User Updated *********
13:52:43.679 [main] INFO  api.test.UserTests2 - ********** Deleting User *********
13:52:45.605 [main] INFO  api.test.UserTests2 - ********** User Deleted *********
13:53:48.770 [main] INFO  api.test.UserTests2 - ********** Creating User *********
13:53:53.180 [main] INFO  api.test.UserTests2 - ********** User Created *********
13:53:53.195 [main] INFO  api.test.UserTests2 - ********** Reading User Info *********
13:53:55.253 [main] INFO  api.test.UserTests2 - ********** Updating user *********
13:53:57.284 [main] INFO  api.test.UserTests2 - ********** User Updated *********
13:53:59.243 [main] INFO  api.test.UserTests2 - ********** Deleting User *********
13:54:22.257 [main] INFO  api.test.UserTests2 - ********** Creating User *********
13:54:26.005 [main] INFO  api.test.UserTests2 - ********** User Created *********
13:54:26.026 [main] INFO  api.test.UserTests2 - ********** Reading User Info *********
13:54:28.424 [main] INFO  api.test.UserTests2 - ********** User info is Displayed *********
13:54:28.429 [main] INFO  api.test.UserTests2 - ********** Updating user *********
13:54:30.364 [main] INFO  api.test.UserTests2 - ********** User Updated *********
13:54:32.620 [main] INFO  api.test.UserTests2 - ********** Deleting User *********
13:54:35.296 [main] INFO  api.test.UserTests2 - ********** User Deleted *********
13:54:46.982 [main] INFO  api.test.UserTests2 - ********** Creating User *********
13:54:51.177 [main] INFO  api.test.UserTests2 - ********** User Created *********
13:54:51.197 [main] INFO  api.test.UserTests2 - ********** Reading User Info *********
13:54:53.524 [main] INFO  api.test.UserTests2 - ********** Updating user *********
13:54:55.656 [main] INFO  api.test.UserTests2 - ********** User Updated *********
13:54:57.910 [main] INFO  api.test.UserTests2 - ********** Deleting User *********
19:40:33.640 [main] INFO  api.test.UserTests2 - ********** Creating User *********
19:40:42.739 [main] INFO  api.test.UserTests2 - ********** User Created *********
19:40:42.773 [main] INFO  api.test.UserTests2 - ********** Reading User Info *********
19:40:45.463 [main] INFO  api.test.UserTests2 - ********** User info is Displayed *********
19:40:45.465 [main] INFO  api.test.UserTests2 - ********** Updating user *********
19:40:49.796 [main] INFO  api.test.UserTests2 - ********** User Updated *********
19:40:53.588 [main] INFO  api.test.UserTests2 - ********** Deleting User *********
19:41:10.766 [main] INFO  api.test.UserTests2 - ********** User Deleted *********
